wandb: WARNING The `run_name` is currently set to the same value as `TrainingArguments.output_dir`. If this was not intended, please specify a different run name by setting the `TrainingArguments.run_name` parameter.
                                                  
{'loss': -0.0, 'grad_norm': 0.2859947681427002, 'learning_rate': 1.9920000000000002e-05, 'completion_length': 81.453125, 'rewards/reward_function': -270.671875, 'reward': -270.671875, 'reward_std': 84.1400146484375, 'kl': 0.0, 'epoch': 0.0}
{'loss': 0.0001, 'grad_norm': 0.31443536281585693, 'learning_rate': 1.9840000000000003e-05, 'completion_length': 87.34375, 'rewards/reward_function': -289.046875, 'reward': -289.046875, 'reward_std': 69.18893241882324, 'kl': 0.0015945405466482043, 'epoch': 0.01}
{'loss': 0.0001, 'grad_norm': 0.3526751399040222, 'learning_rate': 1.976e-05, 'completion_length': 86.09375, 'rewards/reward_function': -281.671875, 'reward': -281.671875, 'reward_std': 80.4121208190918, 'kl': 0.001667512464337051, 'epoch': 0.01}
{'loss': 0.0001, 'grad_norm': 0.2498989701271057, 'learning_rate': 1.968e-05, 'completion_length': 87.796875, 'rewards/reward_function': -287.28125, 'reward': -287.28125, 'reward_std': 67.61617279052734, 'kl': 0.0017386219697073102, 'epoch': 0.02}
{'loss': 0.0001, 'grad_norm': 0.27697551250457764, 'learning_rate': 1.9600000000000002e-05, 'completion_length': 88.328125, 'rewards/reward_function': -289.5, 'reward': -289.5, 'reward_std': 73.01565933227539, 'kl': 0.0017389309359714389, 'epoch': 0.02}
{'loss': 0.0001, 'grad_norm': 0.4322148859500885, 'learning_rate': 1.9520000000000003e-05, 'completion_length': 84.28125, 'rewards/reward_function': -289.65625, 'reward': -289.65625, 'reward_std': 76.37709045410156, 'kl': 0.0015653512091375887, 'epoch': 0.02}
{'loss': 0.0001, 'grad_norm': 0.25243452191352844, 'learning_rate': 1.944e-05, 'completion_length': 83.890625, 'rewards/reward_function': -270.171875, 'reward': -270.171875, 'reward_std': 73.44755172729492, 'kl': 0.0014664885238744318, 'epoch': 0.03}
{'loss': 0.0001, 'grad_norm': 0.3072684109210968, 'learning_rate': 1.936e-05, 'completion_length': 81.53125, 'rewards/reward_function': -263.5625, 'reward': -263.5625, 'reward_std': 94.0645751953125, 'kl': 0.0016853223787620664, 'epoch': 0.03}
{'loss': 0.0001, 'grad_norm': 0.37219056487083435, 'learning_rate': 1.9280000000000002e-05, 'completion_length': 86.375, 'rewards/reward_function': -275.703125, 'reward': -275.703125, 'reward_std': 81.55384063720703, 'kl': 0.001707896706648171, 'epoch': 0.04}
{'loss': 0.0001, 'grad_norm': 0.31852859258651733, 'learning_rate': 1.9200000000000003e-05, 'completion_length': 82.734375, 'rewards/reward_function': -264.34375, 'reward': -264.34375, 'reward_std': 86.47313690185547, 'kl': 0.0016678752726875246, 'epoch': 0.04}
{'loss': 0.0001, 'grad_norm': 0.2835860550403595, 'learning_rate': 1.912e-05, 'completion_length': 89.4375, 'rewards/reward_function': -286.8125, 'reward': -286.8125, 'reward_std': 66.87857437133789, 'kl': 0.0017515501822344959, 'epoch': 0.04}
{'loss': 0.0001, 'grad_norm': 0.33204808831214905, 'learning_rate': 1.904e-05, 'completion_length': 84.890625, 'rewards/reward_function': -289.109375, 'reward': -289.109375, 'reward_std': 77.53937339782715, 'kl': 0.001457195554394275, 'epoch': 0.05}
{'loss': 0.0001, 'grad_norm': 0.38741767406463623, 'learning_rate': 1.896e-05, 'completion_length': 82.265625, 'rewards/reward_function': -272.046875, 'reward': -272.046875, 'reward_std': 87.01335525512695, 'kl': 0.0017672416870482266, 'epoch': 0.05}
{'loss': 0.0001, 'grad_norm': 0.29666268825531006, 'learning_rate': 1.8880000000000002e-05, 'completion_length': 87.609375, 'rewards/reward_function': -285.15625, 'reward': -285.15625, 'reward_std': 75.70783233642578, 'kl': 0.001586045022122562, 'epoch': 0.06}
{'loss': 0.0001, 'grad_norm': 0.33549749851226807, 'learning_rate': 1.88e-05, 'completion_length': 84.734375, 'rewards/reward_function': -264.828125, 'reward': -264.828125, 'reward_std': 83.31343841552734, 'kl': 0.001751657691784203, 'epoch': 0.06}
{'loss': 0.0001, 'grad_norm': 0.39284631609916687, 'learning_rate': 1.8720000000000004e-05, 'completion_length': 83.21875, 'rewards/reward_function': -270.53125, 'reward': -270.53125, 'reward_std': 77.02940368652344, 'kl': 0.0018948196666315198, 'epoch': 0.06}
{'loss': 0.0001, 'grad_norm': 0.2742026746273041, 'learning_rate': 1.864e-05, 'completion_length': 77.453125, 'rewards/reward_function': -254.421875, 'reward': -254.421875, 'reward_std': 93.19964218139648, 'kl': 0.001932289742399007, 'epoch': 0.07}
{'loss': 0.0001, 'grad_norm': 0.3374828100204468, 'learning_rate': 1.8560000000000002e-05, 'completion_length': 82.453125, 'rewards/reward_function': -267.6875, 'reward': -267.6875, 'reward_std': 88.3669548034668, 'kl': 0.002128749620169401, 'epoch': 0.07}
{'loss': 0.0001, 'grad_norm': 0.3055912256240845, 'learning_rate': 1.8480000000000003e-05, 'completion_length': 81.3125, 'rewards/reward_function': -258.796875, 'reward': -258.796875, 'reward_std': 78.3051528930664, 'kl': 0.002141615725122392, 'epoch': 0.08}
{'loss': 0.0001, 'grad_norm': 0.24192385375499725, 'learning_rate': 1.8400000000000003e-05, 'completion_length': 89.0625, 'rewards/reward_function': -286.765625, 'reward': -286.765625, 'reward_std': 67.76165771484375, 'kl': 0.0019328237976878881, 'epoch': 0.08}
{'loss': 0.0001, 'grad_norm': 0.35619229078292847, 'learning_rate': 1.832e-05, 'completion_length': 83.34375, 'rewards/reward_function': -286.875, 'reward': -286.875, 'reward_std': 87.50020217895508, 'kl': 0.0019874979043379426, 'epoch': 0.08}
{'loss': 0.0001, 'grad_norm': 0.3567550480365753, 'learning_rate': 1.824e-05, 'completion_length': 80.171875, 'rewards/reward_function': -248.765625, 'reward': -248.765625, 'reward_std': 80.7886962890625, 'kl': 0.0024636528687551618, 'epoch': 0.09}
{'loss': 0.0001, 'grad_norm': 0.30464282631874084, 'learning_rate': 1.8160000000000002e-05, 'completion_length': 86.296875, 'rewards/reward_function': -290.3125, 'reward': -290.3125, 'reward_std': 76.48357582092285, 'kl': 0.00228667538613081, 'epoch': 0.09}
{'loss': 0.0001, 'grad_norm': 0.318656861782074, 'learning_rate': 1.8080000000000003e-05, 'completion_length': 83.671875, 'rewards/reward_function': -267.578125, 'reward': -267.578125, 'reward_std': 73.82018661499023, 'kl': 0.00301513506565243, 'epoch': 0.1}
{'loss': 0.0001, 'grad_norm': 0.3307296633720398, 'learning_rate': 1.8e-05, 'completion_length': 82.953125, 'rewards/reward_function': -267.4375, 'reward': -267.4375, 'reward_std': 89.24174880981445, 'kl': 0.0022077150642871857, 'epoch': 0.1}
{'loss': 0.0001, 'grad_norm': 0.35736986994743347, 'learning_rate': 1.792e-05, 'completion_length': 70.921875, 'rewards/reward_function': -236.78125, 'reward': -236.78125, 'reward_std': 109.67432403564453, 'kl': 0.0026995691005140543, 'epoch': 0.1}
{'loss': 0.0001, 'grad_norm': 0.3468569219112396, 'learning_rate': 1.7840000000000002e-05, 'completion_length': 86.484375, 'rewards/reward_function': -293.609375, 'reward': -293.609375, 'reward_std': 71.48172378540039, 'kl': 0.0026103425770998, 'epoch': 0.11}
{'loss': 0.0001, 'grad_norm': 0.3429659307003021, 'learning_rate': 1.7760000000000003e-05, 'completion_length': 86.78125, 'rewards/reward_function': -283.734375, 'reward': -283.734375, 'reward_std': 65.45282745361328, 'kl': 0.0031681571854278445, 'epoch': 0.11}
{'loss': 0.0001, 'grad_norm': 0.2788277566432953, 'learning_rate': 1.768e-05, 'completion_length': 87.3125, 'rewards/reward_function': -277.359375, 'reward': -277.359375, 'reward_std': 78.23299980163574, 'kl': 0.003081033704802394, 'epoch': 0.12}
{'loss': 0.0001, 'grad_norm': 0.37216806411743164, 'learning_rate': 1.76e-05, 'completion_length': 84.828125, 'rewards/reward_function': -258.84375, 'reward': -258.84375, 'reward_std': 84.8470344543457, 'kl': 0.003585833590477705, 'epoch': 0.12}
{'loss': 0.0001, 'grad_norm': 0.2717839181423187, 'learning_rate': 1.752e-05, 'completion_length': 85.765625, 'rewards/reward_function': -285.421875, 'reward': -285.421875, 'reward_std': 66.5305118560791, 'kl': 0.003263366175815463, 'epoch': 0.12}
{'loss': 0.0002, 'grad_norm': 0.3115108609199524, 'learning_rate': 1.7440000000000002e-05, 'completion_length': 75.125, 'rewards/reward_function': -239.328125, 'reward': -239.328125, 'reward_std': 95.73242568969727, 'kl': 0.004401051206514239, 'epoch': 0.13}
{'loss': 0.0002, 'grad_norm': 0.3996085226535797, 'learning_rate': 1.736e-05, 'completion_length': 79.046875, 'rewards/reward_function': -264.0625, 'reward': -264.0625, 'reward_std': 98.59588623046875, 'kl': 0.003907042904756963, 'epoch': 0.13}
{'loss': 0.0001, 'grad_norm': 0.26294293999671936, 'learning_rate': 1.728e-05, 'completion_length': 84.09375, 'rewards/reward_function': -273.78125, 'reward': -273.78125, 'reward_std': 72.6317253112793, 'kl': 0.0036292524309828877, 'epoch': 0.14}
{'loss': 0.0002, 'grad_norm': 0.28486084938049316, 'learning_rate': 1.72e-05, 'completion_length': 83.734375, 'rewards/reward_function': -279.890625, 'reward': -279.890625, 'reward_std': 72.34193801879883, 'kl': 0.003863657242618501, 'epoch': 0.14}
{'loss': 0.0002, 'grad_norm': 0.30881649255752563, 'learning_rate': 1.7120000000000002e-05, 'completion_length': 85.453125, 'rewards/reward_function': -287.28125, 'reward': -287.28125, 'reward_std': 78.63895797729492, 'kl': 0.004079794278368354, 'epoch': 0.14}
{'loss': 0.0002, 'grad_norm': 0.34451720118522644, 'learning_rate': 1.704e-05, 'completion_length': 82.3125, 'rewards/reward_function': -286.859375, 'reward': -286.859375, 'reward_std': 102.51906204223633, 'kl': 0.005326261278241873, 'epoch': 0.15}
{'loss': 0.0002, 'grad_norm': 0.2783464193344116, 'learning_rate': 1.696e-05, 'completion_length': 83.46875, 'rewards/reward_function': -276.90625, 'reward': -276.90625, 'reward_std': 73.08796501159668, 'kl': 0.005108062876388431, 'epoch': 0.15}
{'loss': 0.0002, 'grad_norm': 0.3644880950450897, 'learning_rate': 1.688e-05, 'completion_length': 80.09375, 'rewards/reward_function': -255.15625, 'reward': -255.15625, 'reward_std': 93.25461959838867, 'kl': 0.005473705707117915, 'epoch': 0.16}
{'loss': 0.0002, 'grad_norm': 0.26767516136169434, 'learning_rate': 1.6800000000000002e-05, 'completion_length': 80.421875, 'rewards/reward_function': -261.609375, 'reward': -261.609375, 'reward_std': 84.30662536621094, 'kl': 0.005642994772642851, 'epoch': 0.16}
{'loss': 0.0003, 'grad_norm': 0.3350893259048462, 'learning_rate': 1.672e-05, 'completion_length': 77.234375, 'rewards/reward_function': -256.96875, 'reward': -256.96875, 'reward_std': 97.6478042602539, 'kl': 0.006434597074985504, 'epoch': 0.16}
{'loss': 0.0003, 'grad_norm': 0.3658781349658966, 'learning_rate': 1.664e-05, 'completion_length': 74.828125, 'rewards/reward_function': -242.46875, 'reward': -242.46875, 'reward_std': 100.03381729125977, 'kl': 0.008137847064062953, 'epoch': 0.17}
{'loss': 0.0002, 'grad_norm': 0.26361706852912903, 'learning_rate': 1.656e-05, 'completion_length': 82.890625, 'rewards/reward_function': -258.296875, 'reward': -258.296875, 'reward_std': 75.94816589355469, 'kl': 0.00529358210042119, 'epoch': 0.17}
{'loss': 0.0003, 'grad_norm': 0.3133698105812073, 'learning_rate': 1.648e-05, 'completion_length': 79.8125, 'rewards/reward_function': -251.640625, 'reward': -251.640625, 'reward_std': 91.17859649658203, 'kl': 0.007629612693563104, 'epoch': 0.18}
{'loss': 0.0004, 'grad_norm': 0.3386688828468323, 'learning_rate': 1.64e-05, 'completion_length': 81.609375, 'rewards/reward_function': -257.8125, 'reward': -257.8125, 'reward_std': 87.02741813659668, 'kl': 0.009385059121996164, 'epoch': 0.18}
{'loss': 0.0003, 'grad_norm': 0.2738593518733978, 'learning_rate': 1.632e-05, 'completion_length': 85.59375, 'rewards/reward_function': -285.453125, 'reward': -285.453125, 'reward_std': 84.1275634765625, 'kl': 0.007651535328477621, 'epoch': 0.18}
{'loss': 0.0004, 'grad_norm': 0.36725038290023804, 'learning_rate': 1.6240000000000004e-05, 'completion_length': 76.125, 'rewards/reward_function': -244.140625, 'reward': -244.140625, 'reward_std': 92.75218200683594, 'kl': 0.010246310383081436, 'epoch': 0.19}
{'loss': 0.0005, 'grad_norm': 0.3646117150783539, 'learning_rate': 1.616e-05, 'completion_length': 74.3125, 'rewards/reward_function': -251.546875, 'reward': -251.546875, 'reward_std': 89.92179489135742, 'kl': 0.011774935759603977, 'epoch': 0.19}
{'loss': 0.0005, 'grad_norm': 0.3836638629436493, 'learning_rate': 1.6080000000000002e-05, 'completion_length': 71.03125, 'rewards/reward_function': -220.0, 'reward': -220.0, 'reward_std': 103.16352081298828, 'kl': 0.011711021419614553, 'epoch': 0.2}
{'loss': 0.0005, 'grad_norm': 0.2988307476043701, 'learning_rate': 1.6000000000000003e-05, 'completion_length': 77.640625, 'rewards/reward_function': -251.609375, 'reward': -251.609375, 'reward_std': 101.24256896972656, 'kl': 0.012186689302325249, 'epoch': 0.2}
{'loss': 0.0004, 'grad_norm': 0.3322516679763794, 'learning_rate': 1.5920000000000003e-05, 'completion_length': 82.515625, 'rewards/reward_function': -251.046875, 'reward': -251.046875, 'reward_std': 91.05166625976562, 'kl': 0.011001129169017076, 'epoch': 0.2}
{'loss': 0.0005, 'grad_norm': 0.38747915625572205, 'learning_rate': 1.584e-05, 'completion_length': 80.609375, 'rewards/reward_function': -243.671875, 'reward': -243.671875, 'reward_std': 89.43853378295898, 'kl': 0.012386803049594164, 'epoch': 0.21}
{'loss': 0.0007, 'grad_norm': 0.32144632935523987, 'learning_rate': 1.576e-05, 'completion_length': 73.5, 'rewards/reward_function': -236.5, 'reward': -236.5, 'reward_std': 93.58418273925781, 'kl': 0.016842667944729328, 'epoch': 0.21}
{'loss': 0.0006, 'grad_norm': 0.31385213136672974, 'learning_rate': 1.5680000000000002e-05, 'completion_length': 78.109375, 'rewards/reward_function': -259.28125, 'reward': -259.28125, 'reward_std': 91.62055206298828, 'kl': 0.015978973358869553, 'epoch': 0.22}
{'loss': 0.0004, 'grad_norm': 0.3058111071586609, 'learning_rate': 1.5600000000000003e-05, 'completion_length': 77.140625, 'rewards/reward_function': -241.609375, 'reward': -241.609375, 'reward_std': 80.63029098510742, 'kl': 0.00981813739053905, 'epoch': 0.22}
{'loss': 0.0007, 'grad_norm': 0.35682055354118347, 'learning_rate': 1.552e-05, 'completion_length': 71.875, 'rewards/reward_function': -237.9375, 'reward': -237.9375, 'reward_std': 104.35198974609375, 'kl': 0.016950314864516258, 'epoch': 0.22}
{'loss': 0.0008, 'grad_norm': 0.35421448945999146, 'learning_rate': 1.544e-05, 'completion_length': 66.9375, 'rewards/reward_function': -214.0, 'reward': -214.0, 'reward_std': 94.4369125366211, 'kl': 0.019333353266119957, 'epoch': 0.23}
{'loss': 0.0007, 'grad_norm': 0.3369392156600952, 'learning_rate': 1.5360000000000002e-05, 'completion_length': 73.3125, 'rewards/reward_function': -243.015625, 'reward': -243.015625, 'reward_std': 102.2933235168457, 'kl': 0.018143250606954098, 'epoch': 0.23}
{'loss': 0.0007, 'grad_norm': 0.32429471611976624, 'learning_rate': 1.5280000000000003e-05, 'completion_length': 74.59375, 'rewards/reward_function': -237.28125, 'reward': -237.28125, 'reward_std': 92.49877166748047, 'kl': 0.017122844234108925, 'epoch': 0.24}
{'loss': 0.0009, 'grad_norm': 0.376101016998291, 'learning_rate': 1.5200000000000002e-05, 'completion_length': 72.40625, 'rewards/reward_function': -237.515625, 'reward': -237.515625, 'reward_std': 95.66375732421875, 'kl': 0.023447423242032528, 'epoch': 0.24}
{'loss': 0.0008, 'grad_norm': 0.3582517206668854, 'learning_rate': 1.5120000000000001e-05, 'completion_length': 79.703125, 'rewards/reward_function': -272.53125, 'reward': -272.53125, 'reward_std': 88.2002944946289, 'kl': 0.019028916023671627, 'epoch': 0.24}
{'loss': 0.0011, 'grad_norm': 0.36527687311172485, 'learning_rate': 1.5040000000000002e-05, 'completion_length': 70.34375, 'rewards/reward_function': -219.21875, 'reward': -219.21875, 'reward_std': 95.34135437011719, 'kl': 0.026438064873218536, 'epoch': 0.25}
{'loss': 0.0009, 'grad_norm': 0.36235862970352173, 'learning_rate': 1.496e-05, 'completion_length': 61.703125, 'rewards/reward_function': -182.328125, 'reward': -182.328125, 'reward_std': 90.345458984375, 'kl': 0.02146226540207863, 'epoch': 0.25}
{'loss': 0.0009, 'grad_norm': 0.35568001866340637, 'learning_rate': 1.4880000000000002e-05, 'completion_length': 70.65625, 'rewards/reward_function': -222.28125, 'reward': -222.28125, 'reward_std': 97.38116455078125, 'kl': 0.023518329486250877, 'epoch': 0.26}
{'loss': 0.0012, 'grad_norm': 0.6159248948097229, 'learning_rate': 1.48e-05, 'completion_length': 67.65625, 'rewards/reward_function': -219.5625, 'reward': -219.5625, 'reward_std': 101.20148849487305, 'kl': 0.030978089198470116, 'epoch': 0.26}
{'loss': 0.0016, 'grad_norm': 0.4001508057117462, 'learning_rate': 1.4720000000000001e-05, 'completion_length': 69.8125, 'rewards/reward_function': -219.515625, 'reward': -219.515625, 'reward_std': 112.00968933105469, 'kl': 0.04060712829232216, 'epoch': 0.26}
{'loss': 0.0015, 'grad_norm': 0.39081382751464844, 'learning_rate': 1.464e-05, 'completion_length': 65.78125, 'rewards/reward_function': -205.53125, 'reward': -205.53125, 'reward_std': 106.90872955322266, 'kl': 0.03829538635909557, 'epoch': 0.27}
{'loss': 0.0013, 'grad_norm': 0.36620399355888367, 'learning_rate': 1.4560000000000001e-05, 'completion_length': 69.828125, 'rewards/reward_function': -229.84375, 'reward': -229.84375, 'reward_std': 90.64894104003906, 'kl': 0.03173790965229273, 'epoch': 0.27}
{'loss': 0.0017, 'grad_norm': 0.3750406503677368, 'learning_rate': 1.448e-05, 'completion_length': 64.078125, 'rewards/reward_function': -198.015625, 'reward': -198.015625, 'reward_std': 99.55123138427734, 'kl': 0.0422002337872982, 'epoch': 0.28}
{'loss': 0.0016, 'grad_norm': 0.3648253381252289, 'learning_rate': 1.4400000000000001e-05, 'completion_length': 69.515625, 'rewards/reward_function': -212.859375, 'reward': -212.859375, 'reward_std': 110.2626724243164, 'kl': 0.0396060086786747, 'epoch': 0.28}
{'loss': 0.0016, 'grad_norm': 0.402797669172287, 'learning_rate': 1.432e-05, 'completion_length': 68.453125, 'rewards/reward_function': -208.25, 'reward': -208.25, 'reward_std': 100.11700439453125, 'kl': 0.04020801559090614, 'epoch': 0.28}
{'loss': 0.0011, 'grad_norm': 0.34018248319625854, 'learning_rate': 1.4240000000000001e-05, 'completion_length': 75.203125, 'rewards/reward_function': -233.078125, 'reward': -233.078125, 'reward_std': 94.60431671142578, 'kl': 0.028181347995996475, 'epoch': 0.29}
{'loss': 0.0021, 'grad_norm': 0.36345282196998596, 'learning_rate': 1.416e-05, 'completion_length': 66.328125, 'rewards/reward_function': -204.078125, 'reward': -204.078125, 'reward_std': 104.2903938293457, 'kl': 0.05336661450564861, 'epoch': 0.29}
{'loss': 0.0018, 'grad_norm': 0.370986670255661, 'learning_rate': 1.408e-05, 'completion_length': 68.0, 'rewards/reward_function': -216.21875, 'reward': -216.21875, 'reward_std': 92.97201156616211, 'kl': 0.04492145776748657, 'epoch': 0.3}
{'loss': 0.0019, 'grad_norm': 0.35301443934440613, 'learning_rate': 1.4e-05, 'completion_length': 62.46875, 'rewards/reward_function': -197.0625, 'reward': -197.0625, 'reward_std': 97.77867126464844, 'kl': 0.04820151813328266, 'epoch': 0.3}
{'loss': 0.0022, 'grad_norm': 0.4440114498138428, 'learning_rate': 1.392e-05, 'completion_length': 63.203125, 'rewards/reward_function': -194.53125, 'reward': -194.53125, 'reward_std': 102.7815933227539, 'kl': 0.05615941062569618, 'epoch': 0.3}
{'loss': 0.0023, 'grad_norm': 0.37251660227775574, 'learning_rate': 1.384e-05, 'completion_length': 62.453125, 'rewards/reward_function': -200.1875, 'reward': -200.1875, 'reward_std': 119.0642318725586, 'kl': 0.05839851126074791, 'epoch': 0.31}
{'loss': 0.0031, 'grad_norm': 0.41916072368621826, 'learning_rate': 1.376e-05, 'completion_length': 58.828125, 'rewards/reward_function': -189.0, 'reward': -189.0, 'reward_std': 107.87936401367188, 'kl': 0.07732585817575455, 'epoch': 0.31}
{'loss': 0.003, 'grad_norm': 0.506705105304718, 'learning_rate': 1.3680000000000003e-05, 'completion_length': 55.234375, 'rewards/reward_function': -159.484375, 'reward': -159.484375, 'reward_std': 99.62032699584961, 'kl': 0.07486989721655846, 'epoch': 0.32}
{'loss': 0.003, 'grad_norm': 0.4428054988384247, 'learning_rate': 1.3600000000000002e-05, 'completion_length': 55.59375, 'rewards/reward_function': -176.5625, 'reward': -176.5625, 'reward_std': 101.19558715820312, 'kl': 0.07504523918032646, 'epoch': 0.32}
{'loss': 0.0023, 'grad_norm': 0.3698228895664215, 'learning_rate': 1.3520000000000003e-05, 'completion_length': 62.515625, 'rewards/reward_function': -195.09375, 'reward': -195.09375, 'reward_std': 96.65158081054688, 'kl': 0.0574948750436306, 'epoch': 0.32}
{'loss': 0.0032, 'grad_norm': 0.4110791087150574, 'learning_rate': 1.3440000000000002e-05, 'completion_length': 46.375, 'rewards/reward_function': -131.03125, 'reward': -131.03125, 'reward_std': 85.59640502929688, 'kl': 0.08029811456799507, 'epoch': 0.33}
{'loss': 0.0032, 'grad_norm': 0.4157966673374176, 'learning_rate': 1.3360000000000003e-05, 'completion_length': 50.109375, 'rewards/reward_function': -144.71875, 'reward': -144.71875, 'reward_std': 100.6046371459961, 'kl': 0.0790199264883995, 'epoch': 0.33}
{'loss': 0.0035, 'grad_norm': 0.45362216234207153, 'learning_rate': 1.3280000000000002e-05, 'completion_length': 52.890625, 'rewards/reward_function': -159.1875, 'reward': -159.1875, 'reward_std': 109.33586502075195, 'kl': 0.08761345222592354, 'epoch': 0.34}
{'loss': 0.003, 'grad_norm': 0.43918317556381226, 'learning_rate': 1.3200000000000002e-05, 'completion_length': 55.53125, 'rewards/reward_function': -162.28125, 'reward': -162.28125, 'reward_std': 101.57880783081055, 'kl': 0.07434901595115662, 'epoch': 0.34}
{'loss': 0.0032, 'grad_norm': 0.38698869943618774, 'learning_rate': 1.3120000000000001e-05, 'completion_length': 49.46875, 'rewards/reward_function': -149.84375, 'reward': -149.84375, 'reward_std': 100.97543334960938, 'kl': 0.0807604193687439, 'epoch': 0.34}
{'loss': 0.0051, 'grad_norm': 0.47103917598724365, 'learning_rate': 1.3040000000000002e-05, 'completion_length': 52.03125, 'rewards/reward_function': -158.359375, 'reward': -158.359375, 'reward_std': 105.75244522094727, 'kl': 0.12698615342378616, 'epoch': 0.35}
{'loss': 0.0039, 'grad_norm': 0.35781562328338623, 'learning_rate': 1.2960000000000001e-05, 'completion_length': 57.40625, 'rewards/reward_function': -177.03125, 'reward': -177.03125, 'reward_std': 100.93300247192383, 'kl': 0.09656089544296265, 'epoch': 0.35}
{'loss': 0.0045, 'grad_norm': 0.39088383316993713, 'learning_rate': 1.2880000000000002e-05, 'completion_length': 44.765625, 'rewards/reward_function': -139.375, 'reward': -139.375, 'reward_std': 90.87809371948242, 'kl': 0.11261364072561264, 'epoch': 0.36}
{'loss': 0.0044, 'grad_norm': 0.5182446241378784, 'learning_rate': 1.2800000000000001e-05, 'completion_length': 50.03125, 'rewards/reward_function': -150.4375, 'reward': -150.4375, 'reward_std': 101.8515396118164, 'kl': 0.10893123596906662, 'epoch': 0.36}
{'loss': 0.0049, 'grad_norm': 0.45296430587768555, 'learning_rate': 1.2720000000000002e-05, 'completion_length': 38.53125, 'rewards/reward_function': -107.84375, 'reward': -107.84375, 'reward_std': 64.62707138061523, 'kl': 0.12154557555913925, 'epoch': 0.36}
{'loss': 0.005, 'grad_norm': 0.577480137348175, 'learning_rate': 1.2640000000000001e-05, 'completion_length': 46.234375, 'rewards/reward_function': -135.515625, 'reward': -135.515625, 'reward_std': 91.68746185302734, 'kl': 0.1260145641863346, 'epoch': 0.37}
{'loss': 0.0044, 'grad_norm': 0.4207616150379181, 'learning_rate': 1.2560000000000002e-05, 'completion_length': 46.859375, 'rewards/reward_function': -140.484375, 'reward': -140.484375, 'reward_std': 93.53474807739258, 'kl': 0.1090943031013012, 'epoch': 0.37}
{'loss': 0.0051, 'grad_norm': 0.49738988280296326, 'learning_rate': 1.248e-05, 'completion_length': 51.125, 'rewards/reward_function': -157.4375, 'reward': -157.4375, 'reward_std': 106.1442756652832, 'kl': 0.1265338994562626, 'epoch': 0.38}
{'loss': 0.0041, 'grad_norm': 0.3948034346103668, 'learning_rate': 1.2400000000000002e-05, 'completion_length': 52.421875, 'rewards/reward_function': -161.265625, 'reward': -161.265625, 'reward_std': 94.08440399169922, 'kl': 0.10241970792412758, 'epoch': 0.38}
{'loss': 0.0054, 'grad_norm': 0.44304513931274414, 'learning_rate': 1.232e-05, 'completion_length': 46.9375, 'rewards/reward_function': -145.671875, 'reward': -145.671875, 'reward_std': 106.32415008544922, 'kl': 0.13596776127815247, 'epoch': 0.38}
{'loss': 0.0061, 'grad_norm': 0.40722569823265076, 'learning_rate': 1.2240000000000001e-05, 'completion_length': 40.71875, 'rewards/reward_function': -122.171875, 'reward': -122.171875, 'reward_std': 74.10695838928223, 'kl': 0.15238351374864578, 'epoch': 0.39}
{'loss': 0.0063, 'grad_norm': 0.48356348276138306, 'learning_rate': 1.216e-05, 'completion_length': 40.65625, 'rewards/reward_function': -116.453125, 'reward': -116.453125, 'reward_std': 84.11683654785156, 'kl': 0.15629185736179352, 'epoch': 0.39}
{'loss': 0.0049, 'grad_norm': 0.3747800886631012, 'learning_rate': 1.2080000000000001e-05, 'completion_length': 42.90625, 'rewards/reward_function': -122.9375, 'reward': -122.9375, 'reward_std': 80.23818969726562, 'kl': 0.1232500895857811, 'epoch': 0.4}
{'loss': 0.0074, 'grad_norm': 0.5380523800849915, 'learning_rate': 1.2e-05, 'completion_length': 42.234375, 'rewards/reward_function': -117.484375, 'reward': -117.484375, 'reward_std': 92.19219207763672, 'kl': 0.18572340160608292, 'epoch': 0.4}
{'loss': 0.0097, 'grad_norm': 0.7136406302452087, 'learning_rate': 1.1920000000000001e-05, 'completion_length': 37.703125, 'rewards/reward_function': -104.109375, 'reward': -104.109375, 'reward_std': 69.91368865966797, 'kl': 0.2423674389719963, 'epoch': 0.4}
{'loss': 0.006, 'grad_norm': 0.39668431878089905, 'learning_rate': 1.184e-05, 'completion_length': 38.96875, 'rewards/reward_function': -103.203125, 'reward': -103.203125, 'reward_std': 75.2203140258789, 'kl': 0.15070055425167084, 'epoch': 0.41}
{'loss': 0.006, 'grad_norm': 0.4350075125694275, 'learning_rate': 1.1760000000000001e-05, 'completion_length': 34.828125, 'rewards/reward_function': -92.828125, 'reward': -92.828125, 'reward_std': 71.03076934814453, 'kl': 0.15000272542238235, 'epoch': 0.41}
{'loss': 0.0099, 'grad_norm': 0.5671455264091492, 'learning_rate': 1.168e-05, 'completion_length': 40.890625, 'rewards/reward_function': -111.203125, 'reward': -111.203125, 'reward_std': 76.113037109375, 'kl': 0.24671757221221924, 'epoch': 0.42}
{'loss': 0.0059, 'grad_norm': 0.4380057752132416, 'learning_rate': 1.16e-05, 'completion_length': 39.15625, 'rewards/reward_function': -113.0, 'reward': -113.0, 'reward_std': 75.8955078125, 'kl': 0.14764191210269928, 'epoch': 0.42}
{'loss': 0.0076, 'grad_norm': 0.4070797264575958, 'learning_rate': 1.152e-05, 'completion_length': 39.1875, 'rewards/reward_function': -111.6875, 'reward': -111.6875, 'reward_std': 89.34454345703125, 'kl': 0.18957671523094177, 'epoch': 0.42}
{'loss': 0.0067, 'grad_norm': 0.4856118857860565, 'learning_rate': 1.144e-05, 'completion_length': 40.390625, 'rewards/reward_function': -117.546875, 'reward': -117.546875, 'reward_std': 70.9682846069336, 'kl': 0.16698527336120605, 'epoch': 0.43}
{'loss': 0.0086, 'grad_norm': 0.5883851647377014, 'learning_rate': 1.136e-05, 'completion_length': 40.359375, 'rewards/reward_function': -113.3125, 'reward': -113.3125, 'reward_std': 86.07410049438477, 'kl': 0.21597135066986084, 'epoch': 0.43}
{'loss': 0.0077, 'grad_norm': 0.53827965259552, 'learning_rate': 1.128e-05, 'completion_length': 44.515625, 'rewards/reward_function': -123.125, 'reward': -123.125, 'reward_std': 82.34418106079102, 'kl': 0.19323676079511642, 'epoch': 0.44}
{'loss': 0.0091, 'grad_norm': 0.511555016040802, 'learning_rate': 1.1200000000000001e-05, 'completion_length': 37.421875, 'rewards/reward_function': -105.09375, 'reward': -105.09375, 'reward_std': 74.97311782836914, 'kl': 0.22635745257139206, 'epoch': 0.44}
{'loss': 0.0089, 'grad_norm': 0.4433004558086395, 'learning_rate': 1.1120000000000002e-05, 'completion_length': 37.40625, 'rewards/reward_function': -95.34375, 'reward': -95.34375, 'reward_std': 69.19873046875, 'kl': 0.2214713767170906, 'epoch': 0.44}
{'loss': 0.0083, 'grad_norm': 0.5295378565788269, 'learning_rate': 1.1040000000000001e-05, 'completion_length': 39.921875, 'rewards/reward_function': -107.40625, 'reward': -107.40625, 'reward_std': 85.10713958740234, 'kl': 0.207868292927742, 'epoch': 0.45}
{'loss': 0.0075, 'grad_norm': 0.4569547772407532, 'learning_rate': 1.0960000000000002e-05, 'completion_length': 36.359375, 'rewards/reward_function': -97.21875, 'reward': -97.21875, 'reward_std': 71.47962188720703, 'kl': 0.18807761371135712, 'epoch': 0.45}
{'loss': 0.0104, 'grad_norm': 0.4763413667678833, 'learning_rate': 1.0880000000000001e-05, 'completion_length': 37.390625, 'rewards/reward_function': -101.4375, 'reward': -101.4375, 'reward_std': 65.49427032470703, 'kl': 0.25964556634426117, 'epoch': 0.46}
{'loss': 0.0094, 'grad_norm': 0.6710711717605591, 'learning_rate': 1.0800000000000002e-05, 'completion_length': 32.203125, 'rewards/reward_function': -87.34375, 'reward': -87.34375, 'reward_std': 65.02036666870117, 'kl': 0.23594294488430023, 'epoch': 0.46}
{'loss': 0.0089, 'grad_norm': 0.47831353545188904, 'learning_rate': 1.072e-05, 'completion_length': 33.375, 'rewards/reward_function': -85.546875, 'reward': -85.546875, 'reward_std': 65.14997291564941, 'kl': 0.2216545045375824, 'epoch': 0.46}
{'loss': 0.0082, 'grad_norm': 0.4836287498474121, 'learning_rate': 1.0640000000000001e-05, 'completion_length': 30.53125, 'rewards/reward_function': -75.765625, 'reward': -75.765625, 'reward_std': 56.19460678100586, 'kl': 0.204302117228508, 'epoch': 0.47}
{'loss': 0.0079, 'grad_norm': 0.46985363960266113, 'learning_rate': 1.056e-05, 'completion_length': 36.453125, 'rewards/reward_function': -100.78125, 'reward': -100.78125, 'reward_std': 92.21355819702148, 'kl': 0.19625038653612137, 'epoch': 0.47}
{'loss': 0.0097, 'grad_norm': 0.4210920035839081, 'learning_rate': 1.0480000000000001e-05, 'completion_length': 32.8125, 'rewards/reward_function': -86.1875, 'reward': -86.1875, 'reward_std': 68.84164810180664, 'kl': 0.2424059808254242, 'epoch': 0.48}
{'loss': 0.0101, 'grad_norm': 0.585105836391449, 'learning_rate': 1.04e-05, 'completion_length': 34.09375, 'rewards/reward_function': -88.90625, 'reward': -88.90625, 'reward_std': 64.90952491760254, 'kl': 0.2518458291888237, 'epoch': 0.48}
{'loss': 0.0119, 'grad_norm': 0.4944756031036377, 'learning_rate': 1.0320000000000001e-05, 'completion_length': 31.171875, 'rewards/reward_function': -80.453125, 'reward': -80.453125, 'reward_std': 58.36826515197754, 'kl': 0.298048734664917, 'epoch': 0.48}
{'loss': 0.0126, 'grad_norm': 0.4796960651874542, 'learning_rate': 1.024e-05, 'completion_length': 30.28125, 'rewards/reward_function': -79.65625, 'reward': -79.65625, 'reward_std': 63.68060302734375, 'kl': 0.315689817070961, 'epoch': 0.49}
{'loss': 0.0095, 'grad_norm': 0.5953341126441956, 'learning_rate': 1.0160000000000001e-05, 'completion_length': 27.859375, 'rewards/reward_function': -67.234375, 'reward': -67.234375, 'reward_std': 53.71086883544922, 'kl': 0.23831048607826233, 'epoch': 0.49}
{'loss': 0.0105, 'grad_norm': 0.43900901079177856, 'learning_rate': 1.008e-05, 'completion_length': 31.25, 'rewards/reward_function': -79.21875, 'reward': -79.21875, 'reward_std': 67.70587158203125, 'kl': 0.26179175078868866, 'epoch': 0.5}
{'loss': 0.0103, 'grad_norm': 0.5332135558128357, 'learning_rate': 1e-05, 'completion_length': 28.609375, 'rewards/reward_function': -70.328125, 'reward': -70.328125, 'reward_std': 55.81166076660156, 'kl': 0.257811039686203, 'epoch': 0.5}
{'loss': 0.0139, 'grad_norm': 0.5357537269592285, 'learning_rate': 9.920000000000002e-06, 'completion_length': 31.28125, 'rewards/reward_function': -80.609375, 'reward': -80.609375, 'reward_std': 63.58963966369629, 'kl': 0.3468829095363617, 'epoch': 0.5}
{'loss': 0.0095, 'grad_norm': 0.46255770325660706, 'learning_rate': 9.84e-06, 'completion_length': 29.84375, 'rewards/reward_function': -73.3125, 'reward': -73.3125, 'reward_std': 65.25515747070312, 'kl': 0.23704907298088074, 'epoch': 0.51}
{'loss': 0.0142, 'grad_norm': 0.4874178171157837, 'learning_rate': 9.760000000000001e-06, 'completion_length': 33.125, 'rewards/reward_function': -83.828125, 'reward': -83.828125, 'reward_std': 76.2925796508789, 'kl': 0.35583654046058655, 'epoch': 0.51}
{'loss': 0.0118, 'grad_norm': 0.4306775629520416, 'learning_rate': 9.68e-06, 'completion_length': 32.25, 'rewards/reward_function': -82.875, 'reward': -82.875, 'reward_std': 70.99448013305664, 'kl': 0.29605136811733246, 'epoch': 0.52}
{'loss': 0.0129, 'grad_norm': 0.5210304856300354, 'learning_rate': 9.600000000000001e-06, 'completion_length': 27.5, 'rewards/reward_function': -66.140625, 'reward': -66.140625, 'reward_std': 55.99797058105469, 'kl': 0.3223840743303299, 'epoch': 0.52}
{'loss': 0.0136, 'grad_norm': 0.6654123663902283, 'learning_rate': 9.52e-06, 'completion_length': 30.53125, 'rewards/reward_function': -75.859375, 'reward': -75.859375, 'reward_std': 70.56383514404297, 'kl': 0.33966948091983795, 'epoch': 0.52}
{'loss': 0.0112, 'grad_norm': 0.4373760521411896, 'learning_rate': 9.440000000000001e-06, 'completion_length': 25.96875, 'rewards/reward_function': -63.0, 'reward': -63.0, 'reward_std': 48.57670211791992, 'kl': 0.27940164506435394, 'epoch': 0.53}
{'loss': 0.0114, 'grad_norm': 0.5348353385925293, 'learning_rate': 9.360000000000002e-06, 'completion_length': 27.71875, 'rewards/reward_function': -72.375, 'reward': -72.375, 'reward_std': 58.17935562133789, 'kl': 0.2837599962949753, 'epoch': 0.53}
{'loss': 0.0124, 'grad_norm': 0.4584289491176605, 'learning_rate': 9.280000000000001e-06, 'completion_length': 28.640625, 'rewards/reward_function': -71.625, 'reward': -71.625, 'reward_std': 62.226680755615234, 'kl': 0.30973513424396515, 'epoch': 0.54}
{'loss': 0.0088, 'grad_norm': 0.4722137749195099, 'learning_rate': 9.200000000000002e-06, 'completion_length': 33.609375, 'rewards/reward_function': -90.453125, 'reward': -90.453125, 'reward_std': 72.40337371826172, 'kl': 0.21995539963245392, 'epoch': 0.54}
{'loss': 0.01, 'grad_norm': 0.5051182508468628, 'learning_rate': 9.12e-06, 'completion_length': 32.625, 'rewards/reward_function': -87.390625, 'reward': -87.390625, 'reward_std': 74.34026336669922, 'kl': 0.2506645694375038, 'epoch': 0.54}
{'loss': 0.0153, 'grad_norm': 0.48580560088157654, 'learning_rate': 9.040000000000002e-06, 'completion_length': 29.125, 'rewards/reward_function': -70.171875, 'reward': -70.171875, 'reward_std': 51.13349533081055, 'kl': 0.38367755711078644, 'epoch': 0.55}
{'loss': 0.0139, 'grad_norm': 0.6125510931015015, 'learning_rate': 8.96e-06, 'completion_length': 23.46875, 'rewards/reward_function': -54.515625, 'reward': -54.515625, 'reward_std': 54.27783203125, 'kl': 0.3463384360074997, 'epoch': 0.55}
{'loss': 0.0143, 'grad_norm': 0.5017632246017456, 'learning_rate': 8.880000000000001e-06, 'completion_length': 29.75, 'rewards/reward_function': -72.875, 'reward': -72.875, 'reward_std': 60.19301795959473, 'kl': 0.35721850395202637, 'epoch': 0.56}
{'loss': 0.015, 'grad_norm': 0.5437434911727905, 'learning_rate': 8.8e-06, 'completion_length': 31.109375, 'rewards/reward_function': -76.671875, 'reward': -76.671875, 'reward_std': 64.38800621032715, 'kl': 0.3744463622570038, 'epoch': 0.56}
{'loss': 0.0144, 'grad_norm': 0.6117331385612488, 'learning_rate': 8.720000000000001e-06, 'completion_length': 24.140625, 'rewards/reward_function': -47.546875, 'reward': -47.546875, 'reward_std': 38.989877700805664, 'kl': 0.3602534085512161, 'epoch': 0.56}
{'loss': 0.012, 'grad_norm': 0.4811941683292389, 'learning_rate': 8.64e-06, 'completion_length': 26.25, 'rewards/reward_function': -60.484375, 'reward': -60.484375, 'reward_std': 55.06483840942383, 'kl': 0.2998065948486328, 'epoch': 0.57}
{'loss': 0.0154, 'grad_norm': 0.6065240502357483, 'learning_rate': 8.560000000000001e-06, 'completion_length': 27.28125, 'rewards/reward_function': -64.828125, 'reward': -64.828125, 'reward_std': 47.50735092163086, 'kl': 0.38603460788726807, 'epoch': 0.57}
{'loss': 0.0132, 'grad_norm': 0.5005394816398621, 'learning_rate': 8.48e-06, 'completion_length': 22.953125, 'rewards/reward_function': -46.078125, 'reward': -46.078125, 'reward_std': 35.37820816040039, 'kl': 0.3300354927778244, 'epoch': 0.58}
{'loss': 0.012, 'grad_norm': 0.5837217569351196, 'learning_rate': 8.400000000000001e-06, 'completion_length': 27.296875, 'rewards/reward_function': -67.8125, 'reward': -67.8125, 'reward_std': 51.292062759399414, 'kl': 0.2997605502605438, 'epoch': 0.58}
{'loss': 0.015, 'grad_norm': 0.5782179236412048, 'learning_rate': 8.32e-06, 'completion_length': 28.359375, 'rewards/reward_function': -69.828125, 'reward': -69.828125, 'reward_std': 58.89663314819336, 'kl': 0.3747296631336212, 'epoch': 0.58}
{'loss': 0.0165, 'grad_norm': 0.4045650064945221, 'learning_rate': 8.24e-06, 'completion_length': 29.859375, 'rewards/reward_function': -76.265625, 'reward': -76.265625, 'reward_std': 74.04826736450195, 'kl': 0.41126182675361633, 'epoch': 0.59}
{'loss': 0.0162, 'grad_norm': 0.5314838290214539, 'learning_rate': 8.16e-06, 'completion_length': 26.84375, 'rewards/reward_function': -61.359375, 'reward': -61.359375, 'reward_std': 62.098039627075195, 'kl': 0.4045579731464386, 'epoch': 0.59}
{'loss': 0.0135, 'grad_norm': 0.5158736109733582, 'learning_rate': 8.08e-06, 'completion_length': 26.875, 'rewards/reward_function': -58.203125, 'reward': -58.203125, 'reward_std': 53.68589210510254, 'kl': 0.33636170625686646, 'epoch': 0.6}
{'loss': 0.0154, 'grad_norm': 0.4977726638317108, 'learning_rate': 8.000000000000001e-06, 'completion_length': 26.0, 'rewards/reward_function': -62.5625, 'reward': -62.5625, 'reward_std': 60.668989181518555, 'kl': 0.38416528701782227, 'epoch': 0.6}
{'loss': 0.0131, 'grad_norm': 0.4856603741645813, 'learning_rate': 7.92e-06, 'completion_length': 28.984375, 'rewards/reward_function': -71.328125, 'reward': -71.328125, 'reward_std': 61.29251480102539, 'kl': 0.32864245772361755, 'epoch': 0.6}
{'loss': 0.015, 'grad_norm': 0.5216373205184937, 'learning_rate': 7.840000000000001e-06, 'completion_length': 25.390625, 'rewards/reward_function': -55.78125, 'reward': -55.78125, 'reward_std': 45.26588439941406, 'kl': 0.3741310089826584, 'epoch': 0.61}
{'loss': 0.0133, 'grad_norm': 0.486632764339447, 'learning_rate': 7.76e-06, 'completion_length': 27.296875, 'rewards/reward_function': -67.953125, 'reward': -67.953125, 'reward_std': 56.62105941772461, 'kl': 0.3313140869140625, 'epoch': 0.61}
{'loss': 0.0168, 'grad_norm': 0.5514956712722778, 'learning_rate': 7.680000000000001e-06, 'completion_length': 29.890625, 'rewards/reward_function': -69.796875, 'reward': -69.796875, 'reward_std': 66.09500885009766, 'kl': 0.4187757223844528, 'epoch': 0.62}
{'loss': 0.0146, 'grad_norm': 0.5420086979866028, 'learning_rate': 7.600000000000001e-06, 'completion_length': 21.8125, 'rewards/reward_function': -47.328125, 'reward': -47.328125, 'reward_std': 27.672571182250977, 'kl': 0.36443132162094116, 'epoch': 0.62}
{'loss': 0.0132, 'grad_norm': 0.516671359539032, 'learning_rate': 7.520000000000001e-06, 'completion_length': 25.953125, 'rewards/reward_function': -58.421875, 'reward': -58.421875, 'reward_std': 53.075273513793945, 'kl': 0.3303186595439911, 'epoch': 0.62}
{'loss': 0.0156, 'grad_norm': 0.5158359408378601, 'learning_rate': 7.440000000000001e-06, 'completion_length': 33.578125, 'rewards/reward_function': -79.453125, 'reward': -79.453125, 'reward_std': 80.03733825683594, 'kl': 0.39124254882335663, 'epoch': 0.63}
{'loss': 0.0138, 'grad_norm': 0.5350154042243958, 'learning_rate': 7.360000000000001e-06, 'completion_length': 27.3125, 'rewards/reward_function': -65.0625, 'reward': -65.0625, 'reward_std': 47.37813186645508, 'kl': 0.3440967798233032, 'epoch': 0.63}
{'loss': 0.0134, 'grad_norm': 0.5244843363761902, 'learning_rate': 7.280000000000001e-06, 'completion_length': 31.1875, 'rewards/reward_function': -78.5, 'reward': -78.5, 'reward_std': 66.3476448059082, 'kl': 0.3344491571187973, 'epoch': 0.64}
{'loss': 0.02, 'grad_norm': 0.629438042640686, 'learning_rate': 7.2000000000000005e-06, 'completion_length': 24.21875, 'rewards/reward_function': -59.328125, 'reward': -59.328125, 'reward_std': 59.40752410888672, 'kl': 0.49950164556503296, 'epoch': 0.64}
{'loss': 0.013, 'grad_norm': 0.5920060873031616, 'learning_rate': 7.1200000000000004e-06, 'completion_length': 25.078125, 'rewards/reward_function': -61.28125, 'reward': -61.28125, 'reward_std': 49.14628601074219, 'kl': 0.3255159258842468, 'epoch': 0.64}
{'loss': 0.0157, 'grad_norm': 0.5178908705711365, 'learning_rate': 7.04e-06, 'completion_length': 22.5625, 'rewards/reward_function': -48.53125, 'reward': -48.53125, 'reward_std': 41.969810485839844, 'kl': 0.3918006867170334, 'epoch': 0.65}
{'loss': 0.0136, 'grad_norm': 0.5207265615463257, 'learning_rate': 6.96e-06, 'completion_length': 27.53125, 'rewards/reward_function': -63.796875, 'reward': -63.796875, 'reward_std': 54.62913703918457, 'kl': 0.3406336158514023, 'epoch': 0.65}
{'loss': 0.0177, 'grad_norm': 0.6656727194786072, 'learning_rate': 6.88e-06, 'completion_length': 21.21875, 'rewards/reward_function': -43.109375, 'reward': -43.109375, 'reward_std': 32.80135536193848, 'kl': 0.4419233053922653, 'epoch': 0.66}
{'loss': 0.013, 'grad_norm': 0.5481741428375244, 'learning_rate': 6.800000000000001e-06, 'completion_length': 30.359375, 'rewards/reward_function': -73.046875, 'reward': -73.046875, 'reward_std': 66.33601760864258, 'kl': 0.3257516175508499, 'epoch': 0.66}
{'loss': 0.0123, 'grad_norm': 0.47628772258758545, 'learning_rate': 6.720000000000001e-06, 'completion_length': 22.46875, 'rewards/reward_function': -47.625, 'reward': -47.625, 'reward_std': 34.21931266784668, 'kl': 0.3085000813007355, 'epoch': 0.66}
{'loss': 0.0185, 'grad_norm': 0.5944949984550476, 'learning_rate': 6.640000000000001e-06, 'completion_length': 20.421875, 'rewards/reward_function': -43.96875, 'reward': -43.96875, 'reward_std': 37.332815170288086, 'kl': 0.4633669853210449, 'epoch': 0.67}
{'loss': 0.0164, 'grad_norm': 0.5465101003646851, 'learning_rate': 6.560000000000001e-06, 'completion_length': 27.765625, 'rewards/reward_function': -71.625, 'reward': -71.625, 'reward_std': 55.98206329345703, 'kl': 0.4105622470378876, 'epoch': 0.67}
{'loss': 0.0158, 'grad_norm': 0.6127172708511353, 'learning_rate': 6.480000000000001e-06, 'completion_length': 25.765625, 'rewards/reward_function': -57.328125, 'reward': -57.328125, 'reward_std': 56.609031677246094, 'kl': 0.3946864604949951, 'epoch': 0.68}
{'loss': 0.0176, 'grad_norm': 0.5705284476280212, 'learning_rate': 6.4000000000000006e-06, 'completion_length': 26.6875, 'rewards/reward_function': -67.109375, 'reward': -67.109375, 'reward_std': 55.177242279052734, 'kl': 0.43995897471904755, 'epoch': 0.68}
{'loss': 0.019, 'grad_norm': 0.5350088477134705, 'learning_rate': 6.3200000000000005e-06, 'completion_length': 26.390625, 'rewards/reward_function': -59.84375, 'reward': -59.84375, 'reward_std': 53.37738037109375, 'kl': 0.4754128158092499, 'epoch': 0.68}
{'loss': 0.0183, 'grad_norm': 0.5737612843513489, 'learning_rate': 6.24e-06, 'completion_length': 23.546875, 'rewards/reward_function': -53.015625, 'reward': -53.015625, 'reward_std': 55.7449951171875, 'kl': 0.45870521664619446, 'epoch': 0.69}
{'loss': 0.0172, 'grad_norm': 0.5709083080291748, 'learning_rate': 6.16e-06, 'completion_length': 25.453125, 'rewards/reward_function': -60.25, 'reward': -60.25, 'reward_std': 48.058349609375, 'kl': 0.42900250852108, 'epoch': 0.69}
{'loss': 0.0151, 'grad_norm': 0.5905587077140808, 'learning_rate': 6.08e-06, 'completion_length': 24.828125, 'rewards/reward_function': -58.375, 'reward': -58.375, 'reward_std': 42.72703742980957, 'kl': 0.37663161754608154, 'epoch': 0.7}
{'loss': 0.0239, 'grad_norm': 0.6351191997528076, 'learning_rate': 6e-06, 'completion_length': 19.890625, 'rewards/reward_function': -39.8125, 'reward': -39.8125, 'reward_std': 32.27166271209717, 'kl': 0.5975164473056793, 'epoch': 0.7}
{'loss': 0.0214, 'grad_norm': 0.5286937952041626, 'learning_rate': 5.92e-06, 'completion_length': 20.8125, 'rewards/reward_function': -44.765625, 'reward': -44.765625, 'reward_std': 47.00093078613281, 'kl': 0.535553365945816, 'epoch': 0.7}
{'loss': 0.0168, 'grad_norm': 0.5354401469230652, 'learning_rate': 5.84e-06, 'completion_length': 23.90625, 'rewards/reward_function': -47.359375, 'reward': -47.359375, 'reward_std': 44.27287673950195, 'kl': 0.42061111330986023, 'epoch': 0.71}
{'loss': 0.0177, 'grad_norm': 0.7114418745040894, 'learning_rate': 5.76e-06, 'completion_length': 24.640625, 'rewards/reward_function': -57.890625, 'reward': -57.890625, 'reward_std': 40.14292335510254, 'kl': 0.4427732974290848, 'epoch': 0.71}
{'loss': 0.0201, 'grad_norm': 0.6386341452598572, 'learning_rate': 5.68e-06, 'completion_length': 21.734375, 'rewards/reward_function': -46.828125, 'reward': -46.828125, 'reward_std': 37.754361152648926, 'kl': 0.5017386972904205, 'epoch': 0.72}
{'loss': 0.0185, 'grad_norm': 0.5968666076660156, 'learning_rate': 5.600000000000001e-06, 'completion_length': 20.328125, 'rewards/reward_function': -44.75, 'reward': -44.75, 'reward_std': 40.07400703430176, 'kl': 0.46354706585407257, 'epoch': 0.72}
{'loss': 0.0142, 'grad_norm': 0.607234001159668, 'learning_rate': 5.5200000000000005e-06, 'completion_length': 23.28125, 'rewards/reward_function': -49.84375, 'reward': -49.84375, 'reward_std': 38.84574222564697, 'kl': 0.35412414371967316, 'epoch': 0.72}
{'loss': 0.0164, 'grad_norm': 0.5630753040313721, 'learning_rate': 5.4400000000000004e-06, 'completion_length': 24.21875, 'rewards/reward_function': -48.3125, 'reward': -48.3125, 'reward_std': 40.522111892700195, 'kl': 0.4110950380563736, 'epoch': 0.73}
{'loss': 0.0155, 'grad_norm': 0.5161638855934143, 'learning_rate': 5.36e-06, 'completion_length': 25.875, 'rewards/reward_function': -61.5625, 'reward': -61.5625, 'reward_std': 54.72490310668945, 'kl': 0.38631561398506165, 'epoch': 0.73}
{'loss': 0.0192, 'grad_norm': 0.5253848433494568, 'learning_rate': 5.28e-06, 'completion_length': 19.75, 'rewards/reward_function': -41.15625, 'reward': -41.15625, 'reward_std': 32.72438049316406, 'kl': 0.4800752252340317, 'epoch': 0.74}
{'loss': 0.0183, 'grad_norm': 0.669680655002594, 'learning_rate': 5.2e-06, 'completion_length': 23.71875, 'rewards/reward_function': -54.4375, 'reward': -54.4375, 'reward_std': 54.326642990112305, 'kl': 0.4583154022693634, 'epoch': 0.74}
{'loss': 0.0223, 'grad_norm': 0.5999510884284973, 'learning_rate': 5.12e-06, 'completion_length': 20.375, 'rewards/reward_function': -42.546875, 'reward': -42.546875, 'reward_std': 38.907772064208984, 'kl': 0.5568119436502457, 'epoch': 0.74}
{'loss': 0.0196, 'grad_norm': 0.5527331829071045, 'learning_rate': 5.04e-06, 'completion_length': 19.234375, 'rewards/reward_function': -35.828125, 'reward': -35.828125, 'reward_std': 30.364100456237793, 'kl': 0.48960238695144653, 'epoch': 0.75}
{'loss': 0.0155, 'grad_norm': 0.4431869685649872, 'learning_rate': 4.960000000000001e-06, 'completion_length': 22.25, 'rewards/reward_function': -48.09375, 'reward': -48.09375, 'reward_std': 45.68260192871094, 'kl': 0.38858115673065186, 'epoch': 0.75}
{'loss': 0.0231, 'grad_norm': 0.5960276126861572, 'learning_rate': 4.880000000000001e-06, 'completion_length': 17.3125, 'rewards/reward_function': -32.359375, 'reward': -32.359375, 'reward_std': 24.393918991088867, 'kl': 0.5785426795482635, 'epoch': 0.76}
{'loss': 0.0166, 'grad_norm': 0.8919700384140015, 'learning_rate': 4.800000000000001e-06, 'completion_length': 19.953125, 'rewards/reward_function': -35.765625, 'reward': -35.765625, 'reward_std': 32.49454879760742, 'kl': 0.41490480303764343, 'epoch': 0.76}
{'loss': 0.0183, 'grad_norm': 0.5358797311782837, 'learning_rate': 4.7200000000000005e-06, 'completion_length': 24.953125, 'rewards/reward_function': -53.421875, 'reward': -53.421875, 'reward_std': 43.204315185546875, 'kl': 0.4585503935813904, 'epoch': 0.76}
{'loss': 0.0293, 'grad_norm': 0.7646608948707581, 'learning_rate': 4.6400000000000005e-06, 'completion_length': 20.328125, 'rewards/reward_function': -45.578125, 'reward': -45.578125, 'reward_std': 37.85491371154785, 'kl': 0.7336938381195068, 'epoch': 0.77}
{'loss': 0.0207, 'grad_norm': 0.5999882221221924, 'learning_rate': 4.56e-06, 'completion_length': 22.84375, 'rewards/reward_function': -48.53125, 'reward': -48.53125, 'reward_std': 35.940229415893555, 'kl': 0.5166884213685989, 'epoch': 0.77}
{'loss': 0.0193, 'grad_norm': 0.5640230774879456, 'learning_rate': 4.48e-06, 'completion_length': 23.59375, 'rewards/reward_function': -48.71875, 'reward': -48.71875, 'reward_std': 47.04142379760742, 'kl': 0.4822279363870621, 'epoch': 0.78}
{'loss': 0.0157, 'grad_norm': 0.5197460651397705, 'learning_rate': 4.4e-06, 'completion_length': 21.234375, 'rewards/reward_function': -42.265625, 'reward': -42.265625, 'reward_std': 36.14560890197754, 'kl': 0.39352917671203613, 'epoch': 0.78}
{'loss': 0.0236, 'grad_norm': 0.6046160459518433, 'learning_rate': 4.32e-06, 'completion_length': 23.03125, 'rewards/reward_function': -50.71875, 'reward': -50.71875, 'reward_std': 49.4556999206543, 'kl': 0.5902416259050369, 'epoch': 0.78}
{'loss': 0.0194, 'grad_norm': 0.5862709283828735, 'learning_rate': 4.24e-06, 'completion_length': 24.25, 'rewards/reward_function': -59.53125, 'reward': -59.53125, 'reward_std': 70.07973098754883, 'kl': 0.4858190715312958, 'epoch': 0.79}
{'loss': 0.0183, 'grad_norm': 0.5247999429702759, 'learning_rate': 4.16e-06, 'completion_length': 21.484375, 'rewards/reward_function': -42.78125, 'reward': -42.78125, 'reward_std': 37.536590576171875, 'kl': 0.4583146870136261, 'epoch': 0.79}
{'loss': 0.0181, 'grad_norm': 0.5798431038856506, 'learning_rate': 4.08e-06, 'completion_length': 23.40625, 'rewards/reward_function': -55.453125, 'reward': -55.453125, 'reward_std': 50.94000053405762, 'kl': 0.45244815945625305, 'epoch': 0.8}
{'loss': 0.0211, 'grad_norm': 0.6305454969406128, 'learning_rate': 4.000000000000001e-06, 'completion_length': 18.078125, 'rewards/reward_function': -32.3125, 'reward': -32.3125, 'reward_std': 27.36252212524414, 'kl': 0.5269338041543961, 'epoch': 0.8}
{'loss': 0.0228, 'grad_norm': 0.6192539930343628, 'learning_rate': 3.920000000000001e-06, 'completion_length': 16.53125, 'rewards/reward_function': -30.84375, 'reward': -30.84375, 'reward_std': 23.45677375793457, 'kl': 0.5708558708429337, 'epoch': 0.8}
{'loss': 0.0253, 'grad_norm': 0.6392769813537598, 'learning_rate': 3.8400000000000005e-06, 'completion_length': 19.171875, 'rewards/reward_function': -37.015625, 'reward': -37.015625, 'reward_std': 27.867321968078613, 'kl': 0.6330043375492096, 'epoch': 0.81}
{'loss': 0.0182, 'grad_norm': 0.6151359677314758, 'learning_rate': 3.7600000000000004e-06, 'completion_length': 22.0, 'rewards/reward_function': -40.03125, 'reward': -40.03125, 'reward_std': 42.957725524902344, 'kl': 0.45582520961761475, 'epoch': 0.81}
{'loss': 0.0231, 'grad_norm': 0.8420860767364502, 'learning_rate': 3.6800000000000003e-06, 'completion_length': 20.984375, 'rewards/reward_function': -45.703125, 'reward': -45.703125, 'reward_std': 37.97063636779785, 'kl': 0.5770818889141083, 'epoch': 0.82}
{'loss': 0.0234, 'grad_norm': 0.6454243063926697, 'learning_rate': 3.6000000000000003e-06, 'completion_length': 22.0625, 'rewards/reward_function': -53.796875, 'reward': -53.796875, 'reward_std': 41.75975227355957, 'kl': 0.5860665738582611, 'epoch': 0.82}
{'loss': 0.0169, 'grad_norm': 0.586976945400238, 'learning_rate': 3.52e-06, 'completion_length': 21.890625, 'rewards/reward_function': -42.90625, 'reward': -42.90625, 'reward_std': 34.710744857788086, 'kl': 0.4232271909713745, 'epoch': 0.82}
{'loss': 0.0191, 'grad_norm': 0.769820511341095, 'learning_rate': 3.44e-06, 'completion_length': 21.578125, 'rewards/reward_function': -43.921875, 'reward': -43.921875, 'reward_std': 36.18124771118164, 'kl': 0.47805291414260864, 'epoch': 0.83}
{'loss': 0.0187, 'grad_norm': 0.5519217848777771, 'learning_rate': 3.3600000000000004e-06, 'completion_length': 18.40625, 'rewards/reward_function': -36.6875, 'reward': -36.6875, 'reward_std': 25.585474014282227, 'kl': 0.46787750720977783, 'epoch': 0.83}
{'loss': 0.0242, 'grad_norm': 0.6878682971000671, 'learning_rate': 3.2800000000000004e-06, 'completion_length': 25.6875, 'rewards/reward_function': -51.453125, 'reward': -51.453125, 'reward_std': 42.58110809326172, 'kl': 0.6037598252296448, 'epoch': 0.84}
{'loss': 0.0164, 'grad_norm': 0.5866228938102722, 'learning_rate': 3.2000000000000003e-06, 'completion_length': 21.453125, 'rewards/reward_function': -45.15625, 'reward': -45.15625, 'reward_std': 32.399312019348145, 'kl': 0.41089676320552826, 'epoch': 0.84}
{'loss': 0.0173, 'grad_norm': 0.4898293614387512, 'learning_rate': 3.12e-06, 'completion_length': 21.609375, 'rewards/reward_function': -46.625, 'reward': -46.625, 'reward_std': 45.178303718566895, 'kl': 0.43286721408367157, 'epoch': 0.84}
{'loss': 0.0238, 'grad_norm': 0.7599064111709595, 'learning_rate': 3.04e-06, 'completion_length': 17.34375, 'rewards/reward_function': -30.46875, 'reward': -30.46875, 'reward_std': 21.53522491455078, 'kl': 0.5958046615123749, 'epoch': 0.85}
{'loss': 0.0275, 'grad_norm': 0.7522389888763428, 'learning_rate': 2.96e-06, 'completion_length': 19.046875, 'rewards/reward_function': -39.765625, 'reward': -39.765625, 'reward_std': 32.347829818725586, 'kl': 0.6882831156253815, 'epoch': 0.85}
{'loss': 0.0178, 'grad_norm': 0.6139273047447205, 'learning_rate': 2.88e-06, 'completion_length': 21.15625, 'rewards/reward_function': -44.5625, 'reward': -44.5625, 'reward_std': 42.394737243652344, 'kl': 0.4455859661102295, 'epoch': 0.86}
{'loss': 0.0199, 'grad_norm': 0.6106519103050232, 'learning_rate': 2.8000000000000003e-06, 'completion_length': 24.609375, 'rewards/reward_function': -56.46875, 'reward': -56.46875, 'reward_std': 57.03837966918945, 'kl': 0.49731165170669556, 'epoch': 0.86}
{'loss': 0.0212, 'grad_norm': 0.5019539594650269, 'learning_rate': 2.7200000000000002e-06, 'completion_length': 23.6875, 'rewards/reward_function': -51.015625, 'reward': -51.015625, 'reward_std': 54.18665885925293, 'kl': 0.5292798280715942, 'epoch': 0.86}
{'loss': 0.0177, 'grad_norm': 0.6053202748298645, 'learning_rate': 2.64e-06, 'completion_length': 20.15625, 'rewards/reward_function': -39.0, 'reward': -39.0, 'reward_std': 37.64261436462402, 'kl': 0.44159233570098877, 'epoch': 0.87}
{'loss': 0.0208, 'grad_norm': 0.7709780931472778, 'learning_rate': 2.56e-06, 'completion_length': 18.296875, 'rewards/reward_function': -32.921875, 'reward': -32.921875, 'reward_std': 23.995838165283203, 'kl': 0.5188509970903397, 'epoch': 0.87}
{'loss': 0.0192, 'grad_norm': 0.516757607460022, 'learning_rate': 2.4800000000000004e-06, 'completion_length': 23.46875, 'rewards/reward_function': -53.140625, 'reward': -53.140625, 'reward_std': 55.65188217163086, 'kl': 0.4797109067440033, 'epoch': 0.88}
{'loss': 0.0341, 'grad_norm': 1.3800779581069946, 'learning_rate': 2.4000000000000003e-06, 'completion_length': 22.515625, 'rewards/reward_function': -47.40625, 'reward': -47.40625, 'reward_std': 52.4210147857666, 'kl': 0.851623073220253, 'epoch': 0.88}
{'loss': 0.0385, 'grad_norm': 0.9389271140098572, 'learning_rate': 2.3200000000000002e-06, 'completion_length': 23.015625, 'rewards/reward_function': -47.625, 'reward': -47.625, 'reward_std': 50.38428497314453, 'kl': 0.9619663953781128, 'epoch': 0.88}
{'loss': 0.0224, 'grad_norm': 0.5534300208091736, 'learning_rate': 2.24e-06, 'completion_length': 20.15625, 'rewards/reward_function': -43.015625, 'reward': -43.015625, 'reward_std': 36.364423751831055, 'kl': 0.5597342550754547, 'epoch': 0.89}
{'loss': 0.0215, 'grad_norm': 0.6468451619148254, 'learning_rate': 2.16e-06, 'completion_length': 21.078125, 'rewards/reward_function': -44.859375, 'reward': -44.859375, 'reward_std': 38.769866943359375, 'kl': 0.5385996848344803, 'epoch': 0.89}
{'loss': 0.0171, 'grad_norm': 0.5153027772903442, 'learning_rate': 2.08e-06, 'completion_length': 23.546875, 'rewards/reward_function': -48.796875, 'reward': -48.796875, 'reward_std': 42.12268829345703, 'kl': 0.4279199093580246, 'epoch': 0.9}
{'loss': 0.0158, 'grad_norm': 0.5970631837844849, 'learning_rate': 2.0000000000000003e-06, 'completion_length': 24.90625, 'rewards/reward_function': -49.640625, 'reward': -49.640625, 'reward_std': 36.47216033935547, 'kl': 0.3940599858760834, 'epoch': 0.9}
{'loss': 0.0166, 'grad_norm': 0.6700802445411682, 'learning_rate': 1.9200000000000003e-06, 'completion_length': 18.859375, 'rewards/reward_function': -35.46875, 'reward': -35.46875, 'reward_std': 28.40049648284912, 'kl': 0.41516247391700745, 'epoch': 0.9}
{'loss': 0.0191, 'grad_norm': 0.696857213973999, 'learning_rate': 1.8400000000000002e-06, 'completion_length': 17.46875, 'rewards/reward_function': -29.375, 'reward': -29.375, 'reward_std': 24.689455032348633, 'kl': 0.47787293791770935, 'epoch': 0.91}
{'loss': 0.0194, 'grad_norm': 0.6328248977661133, 'learning_rate': 1.76e-06, 'completion_length': 19.09375, 'rewards/reward_function': -40.921875, 'reward': -40.921875, 'reward_std': 30.727506637573242, 'kl': 0.48384620249271393, 'epoch': 0.91}
{'loss': 0.0181, 'grad_norm': 0.6309582591056824, 'learning_rate': 1.6800000000000002e-06, 'completion_length': 21.75, 'rewards/reward_function': -47.296875, 'reward': -47.296875, 'reward_std': 38.5954065322876, 'kl': 0.45152850449085236, 'epoch': 0.92}
{'loss': 0.0197, 'grad_norm': 0.9223501086235046, 'learning_rate': 1.6000000000000001e-06, 'completion_length': 20.296875, 'rewards/reward_function': -40.375, 'reward': -40.375, 'reward_std': 29.885934829711914, 'kl': 0.4916207194328308, 'epoch': 0.92}
{'loss': 0.0231, 'grad_norm': 0.6053942441940308, 'learning_rate': 1.52e-06, 'completion_length': 22.828125, 'rewards/reward_function': -49.25, 'reward': -49.25, 'reward_std': 44.63159942626953, 'kl': 0.578073114156723, 'epoch': 0.92}
{'loss': 0.0183, 'grad_norm': 0.4891243278980255, 'learning_rate': 1.44e-06, 'completion_length': 21.546875, 'rewards/reward_function': -46.90625, 'reward': -46.90625, 'reward_std': 37.967777252197266, 'kl': 0.45873989164829254, 'epoch': 0.93}
{'loss': 0.02, 'grad_norm': 0.5853684544563293, 'learning_rate': 1.3600000000000001e-06, 'completion_length': 21.5625, 'rewards/reward_function': -41.921875, 'reward': -41.921875, 'reward_std': 39.26855659484863, 'kl': 0.49925753474235535, 'epoch': 0.93}
{'loss': 0.0257, 'grad_norm': 0.7030285000801086, 'learning_rate': 1.28e-06, 'completion_length': 21.671875, 'rewards/reward_function': -42.90625, 'reward': -42.90625, 'reward_std': 38.64427947998047, 'kl': 0.6414740979671478, 'epoch': 0.94}
{'loss': 0.0208, 'grad_norm': 0.615617573261261, 'learning_rate': 1.2000000000000002e-06, 'completion_length': 21.71875, 'rewards/reward_function': -52.953125, 'reward': -52.953125, 'reward_std': 48.36012077331543, 'kl': 0.5206184089183807, 'epoch': 0.94}
{'loss': 0.0205, 'grad_norm': 0.5329439043998718, 'learning_rate': 1.12e-06, 'completion_length': 19.375, 'rewards/reward_function': -42.265625, 'reward': -42.265625, 'reward_std': 41.246826171875, 'kl': 0.5122572183609009, 'epoch': 0.94}
{'loss': 0.0206, 'grad_norm': 0.6424420475959778, 'learning_rate': 1.04e-06, 'completion_length': 19.921875, 'rewards/reward_function': -47.109375, 'reward': -47.109375, 'reward_std': 43.572134017944336, 'kl': 0.514623373746872, 'epoch': 0.95}
{'loss': 0.0207, 'grad_norm': 0.5615314245223999, 'learning_rate': 9.600000000000001e-07, 'completion_length': 23.390625, 'rewards/reward_function': -50.375, 'reward': -50.375, 'reward_std': 52.33414268493652, 'kl': 0.5177177935838699, 'epoch': 0.95}
{'loss': 0.0229, 'grad_norm': 0.6101876497268677, 'learning_rate': 8.8e-07, 'completion_length': 21.78125, 'rewards/reward_function': -49.25, 'reward': -49.25, 'reward_std': 47.8151798248291, 'kl': 0.5725317299365997, 'epoch': 0.96}
{'loss': 0.0201, 'grad_norm': 0.5752806067466736, 'learning_rate': 8.000000000000001e-07, 'completion_length': 19.921875, 'rewards/reward_function': -36.75, 'reward': -36.75, 'reward_std': 36.0817928314209, 'kl': 0.5030561983585358, 'epoch': 0.96}
{'loss': 0.0227, 'grad_norm': 0.8665254712104797, 'learning_rate': 7.2e-07, 'completion_length': 26.453125, 'rewards/reward_function': -63.3125, 'reward': -63.3125, 'reward_std': 64.45967102050781, 'kl': 0.5677948445081711, 'epoch': 0.96}
{'loss': 0.0266, 'grad_norm': 0.702216625213623, 'learning_rate': 6.4e-07, 'completion_length': 18.375, 'rewards/reward_function': -36.875, 'reward': -36.875, 'reward_std': 30.482460021972656, 'kl': 0.6644865274429321, 'epoch': 0.97}
{'loss': 0.0218, 'grad_norm': 0.6571174263954163, 'learning_rate': 5.6e-07, 'completion_length': 20.390625, 'rewards/reward_function': -35.40625, 'reward': -35.40625, 'reward_std': 29.01325798034668, 'kl': 0.5455037355422974, 'epoch': 0.97}
{'loss': 0.0218, 'grad_norm': 0.7142607569694519, 'learning_rate': 4.800000000000001e-07, 'completion_length': 20.53125, 'rewards/reward_function': -40.71875, 'reward': -40.71875, 'reward_std': 29.33961296081543, 'kl': 0.5444986373186111, 'epoch': 0.98}
{'loss': 0.0176, 'grad_norm': 0.5980278253555298, 'learning_rate': 4.0000000000000003e-07, 'completion_length': 21.640625, 'rewards/reward_function': -47.328125, 'reward': -47.328125, 'reward_std': 49.13774490356445, 'kl': 0.43962863087654114, 'epoch': 0.98}
{'loss': 0.0181, 'grad_norm': 0.5554702281951904, 'learning_rate': 3.2e-07, 'completion_length': 20.28125, 'rewards/reward_function': -37.875, 'reward': -37.875, 'reward_std': 32.66506481170654, 'kl': 0.4518529325723648, 'epoch': 0.98}
{'loss': 0.0258, 'grad_norm': 0.6619981527328491, 'learning_rate': 2.4000000000000003e-07, 'completion_length': 22.984375, 'rewards/reward_function': -44.1875, 'reward': -44.1875, 'reward_std': 44.36782455444336, 'kl': 0.6440216600894928, 'epoch': 0.99}
{'loss': 0.0286, 'grad_norm': 0.9599987268447876, 'learning_rate': 1.6e-07, 'completion_length': 23.390625, 'rewards/reward_function': -48.015625, 'reward': -48.015625, 'reward_std': 45.83072280883789, 'kl': 0.7139646112918854, 'epoch': 0.99}
{'loss': 0.0222, 'grad_norm': 0.6015073657035828, 'learning_rate': 8e-08, 'completion_length': 20.375, 'rewards/reward_function': -41.9375, 'reward': -41.9375, 'reward_std': 41.915618896484375, 'kl': 0.556030660867691, 'epoch': 1.0}
{'loss': 0.0187, 'grad_norm': 0.726861298084259, 'learning_rate': 0.0, 'completion_length': 22.9375, 'rewards/reward_function': -53.5625, 'reward': -53.5625, 'reward_std': 42.76822853088379, 'kl': 0.4687146246433258, 'epoch': 1.0}
{'train_runtime': 3766.7435, 'train_samples_per_second': 0.531, 'train_steps_per_second': 0.066, 'train_loss': 0.010555870736017823, 'epoch': 1.0}
model.safetensors: 100%|██████████| 269M/269M [00:15<00:00, 17.5MB/s] 
Traceback (most recent call last):
  File "/orfeo/cephfs/home/dssc/scandu00/.venv/lib64/python3.9/site-packages/huggingface_hub/utils/_http.py", line 409, in hf_raise_for_status
    response.raise_for_status()
  File "/orfeo/cephfs/home/dssc/scandu00/.venv/lib64/python3.9/site-packages/requests/models.py", line 1024, in raise_for_status
    raise HTTPError(http_error_msg, response=self)
requests.exceptions.HTTPError: 404 Client Error: Not Found for url: https://huggingface.co/SmolGRPO-135M/resolve/main/config.json

The above exception was the direct cause of the following exception:

Traceback (most recent call last):
  File "/orfeo/cephfs/home/dssc/scandu00/.venv/lib64/python3.9/site-packages/transformers/utils/hub.py", line 403, in cached_file
    resolved_file = hf_hub_download(
  File "/orfeo/cephfs/home/dssc/scandu00/.venv/lib64/python3.9/site-packages/huggingface_hub/utils/_validators.py", line 114, in _inner_fn
    return fn(*args, **kwargs)
  File "/orfeo/cephfs/home/dssc/scandu00/.venv/lib64/python3.9/site-packages/huggingface_hub/file_download.py", line 862, in hf_hub_download
    return _hf_hub_download_to_cache_dir(
  File "/orfeo/cephfs/home/dssc/scandu00/.venv/lib64/python3.9/site-packages/huggingface_hub/file_download.py", line 969, in _hf_hub_download_to_cache_dir
    _raise_on_head_call_error(head_call_error, force_download, local_files_only)
  File "/orfeo/cephfs/home/dssc/scandu00/.venv/lib64/python3.9/site-packages/huggingface_hub/file_download.py", line 1486, in _raise_on_head_call_error
    raise head_call_error
  File "/orfeo/cephfs/home/dssc/scandu00/.venv/lib64/python3.9/site-packages/huggingface_hub/file_download.py", line 1376, in _get_metadata_or_catch_error
    metadata = get_hf_file_metadata(
  File "/orfeo/cephfs/home/dssc/scandu00/.venv/lib64/python3.9/site-packages/huggingface_hub/utils/_validators.py", line 114, in _inner_fn
    return fn(*args, **kwargs)
  File "/orfeo/cephfs/home/dssc/scandu00/.venv/lib64/python3.9/site-packages/huggingface_hub/file_download.py", line 1296, in get_hf_file_metadata
    r = _request_wrapper(
  File "/orfeo/cephfs/home/dssc/scandu00/.venv/lib64/python3.9/site-packages/huggingface_hub/file_download.py", line 280, in _request_wrapper
    response = _request_wrapper(
  File "/orfeo/cephfs/home/dssc/scandu00/.venv/lib64/python3.9/site-packages/huggingface_hub/file_download.py", line 304, in _request_wrapper
    hf_raise_for_status(response)
  File "/orfeo/cephfs/home/dssc/scandu00/.venv/lib64/python3.9/site-packages/huggingface_hub/utils/_http.py", line 458, in hf_raise_for_status
    raise _format(RepositoryNotFoundError, message, response) from e
huggingface_hub.errors.RepositoryNotFoundError: 404 Client Error. (Request ID: Root=1-67dc02e3-79dda8554a807a2c1c42cc90;16ea5797-08af-4eb8-9734-a1003eb3885c)

Repository Not Found for url: https://huggingface.co/SmolGRPO-135M/resolve/main/config.json.
Please make sure you specified the correct `repo_id` and `repo_type`.
If you are trying to access a private or gated repo, make sure you are authenticated.

The above exception was the direct cause of the following exception:

Traceback (most recent call last):
  File "/u/dssc/scandu00/rebus-grpo/tutorial.py", line 95, in <module>
    generator = pipeline("text-generation", model="SmolGRPO-135M")
  File "/orfeo/cephfs/home/dssc/scandu00/.venv/lib64/python3.9/site-packages/transformers/pipelines/__init__.py", line 812, in pipeline
    resolved_config_file = cached_file(
  File "/orfeo/cephfs/home/dssc/scandu00/.venv/lib64/python3.9/site-packages/transformers/utils/hub.py", line 426, in cached_file
    raise EnvironmentError(
OSError: SmolGRPO-135M is not a local folder and is not a valid model identifier listed on 'https://huggingface.co/models'
If this is a private repository, make sure to pass a token having permission to this repo either by logging in with `huggingface-cli login` or by passing `token=<your_token>`
Traceback (most recent call last):
  File "/orfeo/cephfs/home/dssc/scandu00/.venv/lib64/python3.9/site-packages/huggingface_hub/utils/_http.py", line 409, in hf_raise_for_status
    response.raise_for_status()
  File "/orfeo/cephfs/home/dssc/scandu00/.venv/lib64/python3.9/site-packages/requests/models.py", line 1024, in raise_for_status
    raise HTTPError(http_error_msg, response=self)
requests.exceptions.HTTPError: 404 Client Error: Not Found for url: https://huggingface.co/SmolGRPO-135M/resolve/main/config.json

The above exception was the direct cause of the following exception:

Traceback (most recent call last):
  File "/orfeo/cephfs/home/dssc/scandu00/.venv/lib64/python3.9/site-packages/transformers/utils/hub.py", line 403, in cached_file
    resolved_file = hf_hub_download(
  File "/orfeo/cephfs/home/dssc/scandu00/.venv/lib64/python3.9/site-packages/huggingface_hub/utils/_validators.py", line 114, in _inner_fn
    return fn(*args, **kwargs)
  File "/orfeo/cephfs/home/dssc/scandu00/.venv/lib64/python3.9/site-packages/huggingface_hub/file_download.py", line 862, in hf_hub_download
    return _hf_hub_download_to_cache_dir(
  File "/orfeo/cephfs/home/dssc/scandu00/.venv/lib64/python3.9/site-packages/huggingface_hub/file_download.py", line 969, in _hf_hub_download_to_cache_dir
    _raise_on_head_call_error(head_call_error, force_download, local_files_only)
  File "/orfeo/cephfs/home/dssc/scandu00/.venv/lib64/python3.9/site-packages/huggingface_hub/file_download.py", line 1486, in _raise_on_head_call_error
    raise head_call_error
  File "/orfeo/cephfs/home/dssc/scandu00/.venv/lib64/python3.9/site-packages/huggingface_hub/file_download.py", line 1376, in _get_metadata_or_catch_error
    metadata = get_hf_file_metadata(
  File "/orfeo/cephfs/home/dssc/scandu00/.venv/lib64/python3.9/site-packages/huggingface_hub/utils/_validators.py", line 114, in _inner_fn
    return fn(*args, **kwargs)
  File "/orfeo/cephfs/home/dssc/scandu00/.venv/lib64/python3.9/site-packages/huggingface_hub/file_download.py", line 1296, in get_hf_file_metadata
    r = _request_wrapper(
  File "/orfeo/cephfs/home/dssc/scandu00/.venv/lib64/python3.9/site-packages/huggingface_hub/file_download.py", line 280, in _request_wrapper
    response = _request_wrapper(
  File "/orfeo/cephfs/home/dssc/scandu00/.venv/lib64/python3.9/site-packages/huggingface_hub/file_download.py", line 304, in _request_wrapper
    hf_raise_for_status(response)
  File "/orfeo/cephfs/home/dssc/scandu00/.venv/lib64/python3.9/site-packages/huggingface_hub/utils/_http.py", line 458, in hf_raise_for_status
    raise _format(RepositoryNotFoundError, message, response) from e
huggingface_hub.errors.RepositoryNotFoundError: 404 Client Error. (Request ID: Root=1-67dc02e3-79dda8554a807a2c1c42cc90;16ea5797-08af-4eb8-9734-a1003eb3885c)

Repository Not Found for url: https://huggingface.co/SmolGRPO-135M/resolve/main/config.json.
Please make sure you specified the correct `repo_id` and `repo_type`.
If you are trying to access a private or gated repo, make sure you are authenticated.

The above exception was the direct cause of the following exception:

Traceback (most recent call last):
  File "/u/dssc/scandu00/rebus-grpo/tutorial.py", line 95, in <module>
    generator = pipeline("text-generation", model="SmolGRPO-135M")
  File "/orfeo/cephfs/home/dssc/scandu00/.venv/lib64/python3.9/site-packages/transformers/pipelines/__init__.py", line 812, in pipeline
    resolved_config_file = cached_file(
  File "/orfeo/cephfs/home/dssc/scandu00/.venv/lib64/python3.9/site-packages/transformers/utils/hub.py", line 426, in cached_file
    raise EnvironmentError(
OSError: SmolGRPO-135M is not a local folder and is not a valid model identifier listed on 'https://huggingface.co/models'
If this is a private repository, make sure to pass a token having permission to this repo either by logging in with `huggingface-cli login` or by passing `token=<your_token>`
